#
# There is insufficient memory for the Java Runtime Environment to continue.
# Native memory allocation (mmap) failed to map 268435456 bytes for Failed to commit area from 0x0000000701800000 to 0x0000000711800000 of length 268435456.
# Possible reasons:
#   The system is out of physical RAM or swap space
#   The process is running with CompressedOops enabled, and the Java Heap may be blocking the growth of the native heap
# Possible solutions:
#   Reduce memory load on the system
#   Increase physical memory or swap space
#   Check if swap backing store is full
#   Decrease Java heap size (-Xmx/-Xms)
#   Decrease number of Java threads
#   Decrease Java thread stack sizes (-Xss)
#   Set larger code cache with -XX:ReservedCodeCacheSize=
# This output file may be truncated or incomplete.
#
#  Out of Memory Error (t:/workspace/open/src/hotspot/os/windows/os_windows.cpp:3301), pid=6312, tid=11748
#
# JRE version:  (13.0.2+8) (build )
# Java VM: OpenJDK 64-Bit Server VM (13.0.2+8, mixed mode, aot, sharing, tiered, compressed oops, g1 gc, windows-amd64)
# No core dump will be written. Minidumps are not enabled by default on client versions of Windows
#

---------------  S U M M A R Y ------------

Command Line: -Dclassworlds.conf=C:\Program Files\NetBeans-11.1\netbeans\java\maven\bin\m2.conf -Dmaven.home=C:\Program Files\NetBeans-11.1\netbeans\java\maven -Dmaven.multiModuleProjectDirectory=C:\Users\ardat\Documents\Lokale_Softwareprojekte\Spring_Applications\generalmanagement\gmgateway org.codehaus.plexus.classworlds.launcher.Launcher -Dmaven.ext.class.path=C:\Program Files\NetBeans-11.1\netbeans\java\maven-nblib\netbeans-eventspy.jar -Dfile.encoding=UTF-8 clean install

Host: AMD FX(tm)-8320 Eight-Core Processor           , 8 cores, 15G,  Windows 8.1 , 64 bit Build 9600 (6.3.9600.19994)
Time: Sun May  9 00:57:11 2021 Mitteleuropäische Sommerzeit elapsed time: 0 seconds (0d 0h 0m 0s)

---------------  T H R E A D  ---------------

Current thread (0x0000006c4db25000):  JavaThread "Unknown thread" [_thread_in_vm, id=11748, stack(0x0000006c4d1d0000,0x0000006c4d2d0000)]

Stack: [0x0000006c4d1d0000,0x0000006c4d2d0000]
Native frames: (J=compiled Java code, j=interpreted, Vv=VM code, C=native code)
V  [jvm.dll+0x624f9a]
V  [jvm.dll+0x770cfa]
V  [jvm.dll+0x7724af]
V  [jvm.dll+0x772ab3]
V  [jvm.dll+0x24bf08]
V  [jvm.dll+0x6222aa]
V  [jvm.dll+0x6170b5]
V  [jvm.dll+0x30a88c]
V  [jvm.dll+0x30a6c2]
V  [jvm.dll+0x30fe36]
V  [jvm.dll+0x353f46]
V  [jvm.dll+0x353720]
V  [jvm.dll+0x2e550a]
V  [jvm.dll+0x2e67a2]
V  [jvm.dll+0x74dd78]
V  [jvm.dll+0x361989]
V  [jvm.dll+0x730e65]
V  [jvm.dll+0x3cc53f]
V  [jvm.dll+0x3ce861]
C  [jli.dll+0x51ff]
C  [ucrtbase.DLL+0x203ba]
C  [KERNEL32.DLL+0x13f2]
C  [ntdll.dll+0x154f4]


---------------  P R O C E S S  ---------------

Threads class SMR info:
_java_thread_list=0x00007ffbc01bccb8, length=0, elements={
}

Java Threads: ( => current thread )

Other Threads:
  0x0000006c4db8d000 GCTaskThread "GC Thread#0" [stack: 0x0000006c6eca0000,0x0000006c6eda0000] [id=12520]
  0x0000006c4dbaf800 ConcurrentGCThread "G1 Main Marker" [stack: 0x0000006c6eda0000,0x0000006c6eea0000] [id=10140]
  0x0000006c4dbb2000 ConcurrentGCThread "G1 Conc#0" [stack: 0x0000006c6eea0000,0x0000006c6efa0000] [id=2516]

[error occurred during error reporting (printing all threads), id 0xc0000005, EXCEPTION_ACCESS_VIOLATION (0xc0000005) at pc=0x00007ffbbf9f51d7]

VM state:not at safepoint (not fully initialized)

VM Mutex/Monitor currently owned by a thread:  ([mutex/lock_event])
[0x0000006c4db22090] Heap_lock - owner thread: 0x0000006c4db25000

Heap address: 0x0000000701800000, size: 4072 MB, Compressed Oops mode: Non-zero based: 0x0000000701800000
Narrow klass base: 0x0000000000000000, Narrow klass shift: 0

GC Heap History (0 events):
No events

Deoptimization events (0 events):
No events

Classes unloaded (0 events):
No events

Classes redefined (0 events):
No events

Internal exceptions (0 events):
No events

Events (8 events):
Event: 0.007 Loaded shared library C:\Program Files\Java\jdk-13.0.2\bin\zip.dll
Event: 0.007 Loaded shared library C:\Program Files\Java\jdk-13.0.2\bin\jimage.dll
Event: 0.008 Loading shared library C:\Program Files\Java\jdk-13.0.2\lib\libjava.base-coop.dll failed, error code 126
Event: 0.008 Loading shared library C:\Program Files\Java\jdk-13.0.2\lib\libjava.logging-coop.dll failed, error code 126
Event: 0.008 Loading shared library C:\Program Files\Java\jdk-13.0.2\lib\libjdk.compiler-coop.dll failed, error code 126
Event: 0.008 Loading shared library C:\Program Files\Java\jdk-13.0.2\lib\libjdk.scripting.nashorn-coop.dll failed, error code 126
Event: 0.008 Loading shared library C:\Program Files\Java\jdk-13.0.2\lib\libjdk.internal.vm.ci-coop.dll failed, error code 126
Event: 0.009 Loading shared library C:\Program Files\Java\jdk-13.0.2\lib\libjdk.internal.vm.compiler-coop.dll failed, error code 126


Dynamic libraries:
0x00007ff62ed60000 - 0x00007ff62ed6d000 	C:\Program Files\Java\jdk-13.0.2\bin\java.exe
0x00007ffc0c740000 - 0x00007ffc0c8ed000 	C:\Windows\SYSTEM32\ntdll.dll
0x00007ffc0c130000 - 0x00007ffc0c26f000 	C:\Windows\system32\KERNEL32.DLL
0x00007ffc09b60000 - 0x00007ffc09c75000 	C:\Windows\system32\KERNELBASE.dll
0x00007ffbe30c0000 - 0x00007ffbe30d8000 	C:\Program Files\Java\jdk-13.0.2\bin\jli.dll
0x00007ffbf1ac0000 - 0x00007ffbf1ad5000 	C:\Program Files\Java\jdk-13.0.2\bin\VCRUNTIME140.dll
0x00007ffbf1e30000 - 0x00007ffbf1e34000 	C:\Program Files\Java\jdk-13.0.2\bin\api-ms-win-crt-stdio-l1-1-0.dll
0x00007ffbf1ab0000 - 0x00007ffbf1ab4000 	C:\Program Files\Java\jdk-13.0.2\bin\api-ms-win-crt-runtime-l1-1-0.dll
0x00007ffbf1a90000 - 0x00007ffbf1a93000 	C:\Program Files\Java\jdk-13.0.2\bin\api-ms-win-crt-environment-l1-1-0.dll
0x00007ffbf1a70000 - 0x00007ffbf1a75000 	C:\Program Files\Java\jdk-13.0.2\bin\api-ms-win-crt-math-l1-1-0.dll
0x00007ffbf1500000 - 0x00007ffbf1503000 	C:\Program Files\Java\jdk-13.0.2\bin\api-ms-win-crt-locale-l1-1-0.dll
0x00007ffbf17a0000 - 0x00007ffbf17a3000 	C:\Program Files\Java\jdk-13.0.2\bin\api-ms-win-crt-heap-l1-1-0.dll
0x00007ffc07530000 - 0x00007ffc077ab000 	C:\Windows\WinSxS\amd64_microsoft.windows.common-controls_6595b64144ccf1df_6.0.9600.19394_none_62486577ecb635cf\COMCTL32.dll
0x00007ffc0c570000 - 0x00007ffc0c6e7000 	C:\Windows\system32\USER32.dll
0x00007ffbf1a60000 - 0x00007ffbf1a63000 	C:\Program Files\Java\jdk-13.0.2\bin\api-ms-win-crt-filesystem-l1-1-0.dll
0x00007ffbf1d90000 - 0x00007ffbf1d94000 	C:\Program Files\Java\jdk-13.0.2\bin\api-ms-win-crt-string-l1-1-0.dll
0x00007ffbf1aa0000 - 0x00007ffbf1aa4000 	C:\Program Files\Java\jdk-13.0.2\bin\api-ms-win-crt-convert-l1-1-0.dll
0x00007ffc0a3e0000 - 0x00007ffc0a48a000 	C:\Windows\system32\msvcrt.dll
0x00007ffc0c280000 - 0x00007ffc0c3ce000 	C:\Windows\system32\GDI32.dll
0x00007ffbf16a0000 - 0x00007ffbf179c000 	C:\Program Files\Java\jdk-13.0.2\bin\ucrtbase.DLL
0x00007ffc0a3a0000 - 0x00007ffc0a3d6000 	C:\Windows\system32\IMM32.DLL
0x00007ffc0aa40000 - 0x00007ffc0ab91000 	C:\Windows\system32\MSCTF.dll
0x00007ffbf1510000 - 0x00007ffbf15ab000 	C:\Program Files\Java\jdk-13.0.2\bin\msvcp140.dll
0x00007ffbf17b0000 - 0x00007ffbf17b3000 	C:\Program Files\Java\jdk-13.0.2\bin\api-ms-win-crt-time-l1-1-0.dll
0x00007ffbf1a80000 - 0x00007ffbf1a83000 	C:\Program Files\Java\jdk-13.0.2\bin\api-ms-win-crt-utility-l1-1-0.dll
0x00007ffbbf700000 - 0x00007ffbc025d000 	C:\Program Files\Java\jdk-13.0.2\bin\server\jvm.dll
0x00007ffc09df0000 - 0x00007ffc09e9a000 	C:\Windows\system32\ADVAPI32.dll
0x00007ffc02140000 - 0x00007ffc02149000 	C:\Windows\SYSTEM32\WSOCK32.dll
0x00007ffc07210000 - 0x00007ffc07232000 	C:\Windows\SYSTEM32\WINMM.dll
0x00007ffc07240000 - 0x00007ffc0724a000 	C:\Windows\SYSTEM32\VERSION.dll
0x00007ffc0c270000 - 0x00007ffc0c277000 	C:\Windows\system32\PSAPI.DLL
0x00007ffc0c3d0000 - 0x00007ffc0c428000 	C:\Windows\SYSTEM32\sechost.dll
0x00007ffc0a900000 - 0x00007ffc0aa3a000 	C:\Windows\system32\RPCRT4.dll
0x00007ffc0aba0000 - 0x00007ffc0abfa000 	C:\Windows\system32\WS2_32.dll
0x00007ffc071e0000 - 0x00007ffc0720a000 	C:\Windows\SYSTEM32\WINMMBASE.dll
0x00007ffc09b30000 - 0x00007ffc09b5e000 	C:\Windows\system32\SspiCli.dll
0x00007ffc09ea0000 - 0x00007ffc09ea9000 	C:\Windows\system32\NSI.dll
0x00007ffc09ae0000 - 0x00007ffc09b2f000 	C:\Windows\SYSTEM32\cfgmgr32.dll
0x00007ffc08650000 - 0x00007ffc08678000 	C:\Windows\SYSTEM32\DEVOBJ.dll
0x00007ffbf1620000 - 0x00007ffbf1630000 	C:\Program Files\Java\jdk-13.0.2\bin\verify.dll
0x00007ffc005a0000 - 0x00007ffc00729000 	C:\Windows\SYSTEM32\DBGHELP.DLL
0x00007ffbf1630000 - 0x00007ffbf1656000 	C:\Program Files\Java\jdk-13.0.2\bin\java.dll
0x00007ffbf1600000 - 0x00007ffbf1617000 	C:\Program Files\Java\jdk-13.0.2\bin\zip.dll
0x00007ffbf15f0000 - 0x00007ffbf15fa000 	C:\Program Files\Java\jdk-13.0.2\bin\jimage.dll

dbghelp: loaded successfully - version: 4.0.5 - missing functions: none
symbol engine: initialized successfully - sym options: 0x614 - pdb path: .;C:\Program Files\Java\jdk-13.0.2\bin;C:\Windows\SYSTEM32;C:\Windows\WinSxS\amd64_microsoft.windows.common-controls_6595b64144ccf1df_6.0.9600.19394_none_62486577ecb635cf;C:\Program Files\Java\jdk-13.0.2\bin\server

VM Arguments:
jvm_args: -Dclassworlds.conf=C:\Program Files\NetBeans-11.1\netbeans\java\maven\bin\m2.conf -Dmaven.home=C:\Program Files\NetBeans-11.1\netbeans\java\maven -Dmaven.multiModuleProjectDirectory=C:\Users\ardat\Documents\Lokale_Softwareprojekte\Spring_Applications\generalmanagement\gmgateway 
java_command: org.codehaus.plexus.classworlds.launcher.Launcher -Dmaven.ext.class.path=C:\Program Files\NetBeans-11.1\netbeans\java\maven-nblib\netbeans-eventspy.jar -Dfile.encoding=UTF-8 clean install
java_class_path (initial): C:\Program Files\NetBeans-11.1\netbeans\java\maven\boot\plexus-classworlds-2.5.2.jar
Launcher Type: SUN_STANDARD

[Global flags]
     intx CICompilerCount                          = 4                                         {product} {ergonomic}
     uint ConcGCThreads                            = 2                                         {product} {ergonomic}
     uint G1ConcRefinementThreads                  = 8                                         {product} {ergonomic}
   size_t G1HeapRegionSize                         = 1048576                                   {product} {ergonomic}
    uintx GCDrainStackTargetSize                   = 64                                        {product} {ergonomic}
   size_t InitialHeapSize                          = 268435456                                 {product} {ergonomic}
   size_t MarkStackSize                            = 4194304                                   {product} {ergonomic}
   size_t MaxHeapSize                              = 4269801472                                {product} {ergonomic}
   size_t MinHeapDeltaBytes                        = 1048576                                   {product} {ergonomic}
   size_t MinHeapSize                              = 8388608                                   {product} {ergonomic}
    uintx NonNMethodCodeHeapSize                   = 5839372                                {pd product} {ergonomic}
    uintx NonProfiledCodeHeapSize                  = 122909434                              {pd product} {ergonomic}
    uintx ProfiledCodeHeapSize                     = 122909434                              {pd product} {ergonomic}
    uintx ReservedCodeCacheSize                    = 251658240                              {pd product} {ergonomic}
     bool SegmentedCodeCache                       = true                                      {product} {ergonomic}
   size_t SoftMaxHeapSize                          = 4269801472                             {manageable} {ergonomic}
     bool UseCompressedClassPointers               = true                                 {lp64_product} {ergonomic}
     bool UseCompressedOops                        = true                                 {lp64_product} {ergonomic}
     bool UseG1GC                                  = true                                      {product} {ergonomic}
     bool UseLargePagesIndividualAllocation        = false                                  {pd product} {ergonomic}

Logging:
Log output configuration:
 #0: stdout all=warning uptime,level,tags
 #1: stderr all=off uptime,level,tags

Environment Variables:
JAVA_HOME=C:\Program Files\Java\jdk-13.0.2
JRE_HOME=C:\Program Files\Java\jdk-14.0.2\jre
CLASSPATH=.;C:\Program Files\Java\jdk-14.0.2\bin
PATH=C:\Program Files\NVIDIA GPU Computing Toolkit\CUDA\v10.1\bin;C:\Program Files\NVIDIA GPU Computing Toolkit\CUDA\v10.1\libnvvp;C:\Program Files (x86)\Common Files\Oracle\Java\javapath;C:\Windows\system32;C:\Windows;C:\Windows\System32\Wbem;C:\Windows\System32\WindowsPowerShell\v1.0\;C:\Program Files\OpenVPN\bin;C:\Program Files (x86)\QuickTime\QTSystem\;C:\Program Files (x86)\nodejs\;C:\Program Files (x86)\Inno Setup 5;C:\Program Files (x86)\WiX Toolset v3.11\bin;C:\Program Files\NVIDIA Corporation\Nsight Compute 2019.4.0\;C:\Program Files (x86)\NVIDIA Corporation\PhysX\Common;C:\Program Files\TortoiseSVN\bin;C:\Program Files\PowerShell\7\;C:\ProgramData\ComposerSetup\bin;C:\Program Files\Amazon\AWSCLIV2\;C:\Users\ardat\AppData\Local\Programs\Python\Python36\Scripts\;C:\Users\ardat\AppData\Local\Programs\Python\Python36\;C:\Users\ardat\AppData\Roaming\npm;C:\Users\ardat\AppData\Local\Programs\Microsoft VS Code\bin;C:\Program Files (x86)\Tesseract-OCR;C:\Program Files\heroku\bin;C:\Program Files\Git\cmd;C:\Users\ardat\AppData\Local\Programs\MiKTeX\miktex\bin\x64\;C:\Program Files\php-7.4.9-nts-Win32-vc15-x64;C:\Users\ardat\AppData\Roaming\Composer\vendor\bin
USERNAME=ardat
OS=Windows_NT
PROCESSOR_IDENTIFIER=AMD64 Family 21 Model 2 Stepping 0, AuthenticAMD



---------------  S Y S T E M  ---------------

OS: Windows 8.1 , 64 bit Build 9600 (6.3.9600.19994)

CPU:total 8 (initial active 8) (8 cores per cpu, 1 threads per core) family 21 model 2 stepping 0, cmov, cx8, fxsr, mmx, sse, sse2, sse3, ssse3, sse4.1, sse4.2, popcnt, avx, aes, clmul, mmxext, 3dnowpref, lzcnt, sse4a, tsc, tscinvbit, tscinv, bmi1, fma

Memory: 4k page, system-wide physical 16283M (2144M free)
TotalPageFile size 17256M (AvailPageFile size 106M)
current process WorkingSet (physical memory assigned to process): 9M, peak: 9M
current process commit charge ("private bytes"): 60M, peak: 316M

vm_info: OpenJDK 64-Bit Server VM (13.0.2+8) for windows-amd64 JRE (13.0.2+8), built on Dec 11 2019 09:20:05 by "mach5one" with unknown MS VC++:1916

END.
